
     **************************************               **************
     **** CURVES+ Version 2.6  04/2014 ****               *   1 May 17 *
     **************************************               **************


  FILE : new.pdb                           ftop :                                 
  LIS  : new_out                           LIB  : standard                        
  lig  :                                   ibld :                                 
  sol  :                                   back : P                               

  wback :  2.90  wbase :  3.50

  isym  :     1  itst  :     0  itnd  :     0  itdel :     1  naxlim:     0

  circ  :     F  line  :     F  zaxe  :     F  fit   :     T  test  :     F
  ions  :     F  refo  :     F  axfrm :     F  frames:     F


  LS fitting of standard bases ...RMS max =  0.035

  Strands =    2 Atoms =   574 Units =    28 H removed =     0

  Combined strands have   14 levels ...

  Strand  1 has  14 bases (5'-3'): ATTGCTGACGTCAG
  Strand  2 has  14 bases (3'-5'): TAACGACTGCAGTC

  (A) BP-Axis        Xdisp   Ydisp   Inclin    Tip  Ax-bend

    1) A   3-T  20   -1.33    0.49     1.0     5.2     ---
    2) T   4-A  19   -1.37    0.18     4.5     2.2     1.5
    3) T   5-A  18   -0.65    0.16     4.3    -3.0     0.9
    4) G   6-C  17   -0.80    0.25     5.9     3.2     0.9
    5) C   7-G  16   -0.52   -0.54     8.3     0.6     1.1
    6) T   8-A  15   -0.92   -0.52    11.3    -1.7     1.0
    7) G   9-C  14   -1.44    0.53     9.8     0.1     0.5
    8) A  10-T  13   -1.50   -0.16     9.7     3.0     0.5
    9) C  11-G  12   -1.55   -0.52     7.5     1.2     0.5
   10) G  12-C  11   -1.32    0.59     8.1     0.5     0.3
   11) T  13-A  10   -1.46   -0.14     9.3    -3.5     0.1
   12) C  14-G   9   -1.62   -0.50     8.8     0.8     0.1
   13) A  15-T   8   -0.89    0.28    11.7     0.5     0.2
   14) G  16-C   7   -0.75    0.01     9.6     0.5     0.3

       Average:      -1.15    0.01     7.8     0.7  Total bend =     4.8 (  1 to  14)

  (B) Intra-BP parameters

  Strands 1-2       Shear  Stretch Stagger  Buckle  Propel Opening

    1) A   3-T  20    0.16   -0.39    0.18     3.7   -11.9     4.4
    2) T   4-A  19   -0.67   -0.48    0.14    -0.7    -9.1    -2.9
    3) T   5-A  18    0.05   -0.29    0.37    -3.8    -7.8     9.6
    4) G   6-C  17   -0.01   -0.28    0.24    -0.7    -7.0    -1.1
    5) C   7-G  16   -0.32   -0.06    0.22    -7.7    -3.5    -2.9
    6) T   8-A  15   -0.01   -0.22   -0.06     9.7    -8.6     1.0
    7) G   9-C  14    0.46    0.00   -0.03    -1.3    -7.8     1.0
    8) A  10-T  13   -0.35   -0.13    0.02    -0.0    -8.1     2.3
    9) C  11-G  12   -0.62   -0.07    0.44    -6.0   -10.5    -1.9
   10) G  12-C  11    0.28   -0.14    0.53     8.5   -13.8    -2.7
   11) T  13-A  10   -0.15   -0.20    0.28    -3.8   -13.3    -3.8
   12) C  14-G   9   -0.10   -0.26    0.27    -4.8    -3.0    -5.8
   13) A  15-T   8   -0.16   -0.23    0.03    -4.1    -7.5     3.3
   14) G  16-C   7    0.48    0.02    0.10     2.4    -1.5     6.7

       Average:      -0.07   -0.19    0.19    -0.6    -8.1     0.5

  (C) Inter-BP       Shift   Slide    Rise    Tilt    Roll   Twist   H-Ris   H-Twi

    1) A   3/T   4   -0.35   -0.91    3.27    -0.1    -1.8    31.2    3.26    31.2
    2) T   4/T   5    0.62   -0.28    3.33    -0.8    -2.1    34.7    3.29    34.6
    3) T   5/G   6   -0.32   -0.03    3.18     1.1    10.2    36.9    3.16    37.3
    4) G   6/C   7    0.30   -0.63    3.41     1.5     2.4    31.7    3.28    31.9
    5) C   7/T   8    0.09    0.05    2.89     3.8     4.0    31.0    2.85    31.4
    6) T   8/G   9   -0.42    0.72    3.46    -0.3    10.0    43.4    3.53    44.3
    7) G   9/A  10   -0.10   -0.57    3.14    -0.8     6.3    22.7    3.02    23.2
    8) A  10/C  11    0.28   -0.69    3.39    -3.8     3.3    33.2    3.23    33.5
    9) C  11/G  12    0.19    0.32    3.12    -0.0     5.2    40.1    3.12    40.5
   10) G  12/T  13   -0.29   -1.03    3.49     2.1     1.0    31.9    3.28    32.0
   11) T  13/C  14   -0.06   -0.55    3.32     0.2     8.7    28.4    3.19    29.1
   12) C  14/A  15    0.65    0.47    3.16     2.5     7.1    41.8    3.18    42.4
   13) A  15/G  16   -0.04   -0.06    3.19    -2.1     6.1    33.2    3.12    33.7

       Average:       0.04   -0.25    3.26     0.2     4.7    33.9    3.19    34.2

  (D) Backbone Parameters

   Strand 1     Alpha  Beta   Gamma  Delta  Epsil  Zeta   Chi    Phase  Ampli  Puckr  

    1) A   3     ----  173.9   44.0  129.1 -172.1  -99.2 -118.5  142.0   36.9  C1'ex
    2) T   4    -56.1  176.6   45.8  123.9 -171.5  -96.1 -119.9  132.9   40.6  C1'ex
    3) T   5    -59.0  165.5   54.2  104.8 -162.8  -90.4 -132.5  103.6   39.2  O1'en
    4) G   6    -60.1  176.0   38.6  121.2  169.1  -86.2 -110.0  132.1   32.8  C1'ex
    5) C   7    -62.6 -173.0   50.0  125.6 -166.4  -98.8 -120.3  134.0   33.2  C1'ex
    6) T   8    -62.3  178.9   49.1  127.7 -179.9 -112.2 -100.8  143.3   36.4  C1'ex
    7) G   9    -71.9 -168.9   54.9  141.1  177.2  -86.8 -102.6  177.8   28.8  C2'en
    8) A  10    -70.6 -174.7   45.6  111.1  170.3  -79.1 -116.1  111.6   38.1  C1'ex
    9) C  11    -89.6  172.3   85.2  103.3 -149.2 -101.6 -154.0   97.3   45.4  O1'en
   10) G  12    -50.3  156.0   50.7  136.2 -166.4 -114.6 -107.8  144.0   43.9  C1'ex
   11) T  13    -71.9  166.1   63.9  106.6 -165.0  -80.3 -134.9  107.6   39.9  O1'en
   12) C  14    -58.0  173.8   39.4  128.8 -166.4 -120.7 -114.6  137.8   45.7  C1'ex
   13) A  15    -52.8  174.5   44.3  139.6 -165.5 -119.9 -104.4  164.9   34.2  C2'en
   14) G  16     47.4  179.1  -77.5  143.5   ----   ---- -105.1 -150.0   24.4  C3'ex

   Strand 2     Alpha  Beta   Gamma  Delta  Epsil  Zeta   Chi    Phase  Ampli  Puckr  

    1) T  20     39.2 -125.8  -97.9  155.2   ----   ---- -132.9 -163.8   36.5  C3'ex
    2) A  19    -60.5  170.6   54.4  131.0 -148.5 -123.0 -117.3  141.7   41.6  C1'ex
    3) A  18     38.5  176.0  -62.3  148.2  178.1  -87.6 -106.4 -152.9   28.4  C3'ex
    4) C  17    -28.6  138.2   41.7  124.0 -155.3 -124.1 -128.1  132.4   38.5  C1'ex
    5) G  16    -65.0  162.2   48.3  136.1 -160.6 -157.9  -99.6  144.0   46.8  C2'en
    6) A  15    -59.4  174.6   54.4  138.6 -156.1 -105.9 -112.4  155.4   35.3  C2'en
    7) C  14    -58.1  175.0   32.5  120.7  179.7 -108.6 -106.5  130.9   39.7  C1'ex
    8) T  13     29.5 -176.5  -44.1  153.8 -174.8  -81.7 -104.1 -155.1   34.7  C3'ex
    9) G  12    -81.6 -177.2   62.9  141.6 -172.0 -132.2 -102.8  157.7   40.4  C2'en
   10) C  11    -56.5  168.8   59.0  105.0 -163.0  -88.7 -145.5  103.9   38.1  O1'en
   11) A  10    -73.0  175.1   55.7  110.2  175.9  -90.9 -121.6  110.3   40.8  C1'ex
   12) G   9    -47.2  170.1   35.4  141.6 -175.1  -93.2 -103.1  170.9   31.4  C2'en
   13) T   8    -64.1  179.4   52.0  128.6 -161.4 -132.5 -105.0  138.9   38.8  C1'ex
   14) C   7     ---- -163.6   42.0  134.3 -177.7  -95.7 -106.6  156.9   32.1  C2'en

  (E) Groove parameters

   Level           W12     D12     W21     D21

    1.5                                       
    2.0  T   4                                
    2.5                                       
    3.0  T   5                                
    3.5            7.6     4.6                
    4.0  G   6     7.5     4.6                
    4.5            7.4     4.7    11.2     6.1
    5.0  C   7     7.4     5.0    11.7     6.9
    5.5            7.7     5.1    11.2     6.8
    6.0  T   8     7.9     4.7    11.2     6.5
    6.5            7.5     4.7    10.7     6.2
    7.0  G   9     7.5     4.7    10.3     6.7
    7.5            7.7     4.7     9.6     7.1
    8.0  A  10     7.7     4.3     9.6     6.7
    8.5            7.1     4.7    10.0     6.1
    9.0  C  11     6.7     5.0    10.5     6.7
    9.5            6.9     5.2    10.2     6.5
   10.0  G  12     7.1     5.0    10.7     6.5
   10.5            7.0     4.8    10.3     6.2
   11.0  T  13     7.2     4.5                
   11.5            7.7     4.6                
   12.0  C  14                                
   12.5                                       
   13.0  A  15                                
   13.5                                       
